1482573782399	geckodriver	INFO	Listening on 127.0.0.1:36568
1482573784397	mozprofile::profile	INFO	Using profile path C:\Users\LZ\AppData\Local\Temp\rust_mozprofile.erQrvFGFKBwJ
1482573784410	geckodriver::marionette	INFO	Starting browser D:\Program Files (x86)\Mozilla Firefox\firefox.exe
1482573784435	geckodriver::marionette	INFO	Connecting to Marionette on localhost:36575
1482573784642	addons.manager	DEBUG	Application has been upgraded
1482573784742	addons.manager	DEBUG	Loaded provider scope for resource://gre/modules/addons/XPIProvider.jsm: ["XPIProvider"]
1482573784744	addons.manager	DEBUG	Loaded provider scope for resource://gre/modules/LightweightThemeManager.jsm: ["LightweightThemeManager"]
1482573784747	addons.manager	DEBUG	Loaded provider scope for resource://gre/modules/addons/GMPProvider.jsm
1482573784748	addons.manager	DEBUG	Loaded provider scope for resource://gre/modules/addons/PluginProvider.jsm
1482573784749	addons.manager	DEBUG	Starting provider: XPIProvider
1482573784749	addons.xpi	DEBUG	startup
1482573784750	addons.xpi	INFO	Mapping closeproxyauth.vaka@gmail.com to C:\Users\LZ\AppData\Local\Temp\rust_mozprofile.erQrvFGFKBwJ\extensions\closeproxyauth.vaka@gmail.com
1482573784751	addons.xpi	INFO	SystemAddonInstallLocation directory is missing
1482573784751	addons.xpi	INFO	Mapping aushelper@mozilla.org to D:\Program Files (x86)\Mozilla Firefox\browser\features\aushelper@mozilla.org.xpi
1482573784751	addons.xpi	INFO	Mapping e10srollout@mozilla.org to D:\Program Files (x86)\Mozilla Firefox\browser\features\e10srollout@mozilla.org.xpi
1482573784752	addons.xpi	INFO	Mapping firefox@getpocket.com to D:\Program Files (x86)\Mozilla Firefox\browser\features\firefox@getpocket.com.xpi
1482573784752	addons.xpi	INFO	Mapping webcompat@mozilla.org to D:\Program Files (x86)\Mozilla Firefox\browser\features\webcompat@mozilla.org.xpi
1482573784752	addons.xpi	INFO	Mapping {972ce4c6-7e08-4474-a285-3208198ce6fd} to D:\Program Files (x86)\Mozilla Firefox\browser\extensions\{972ce4c6-7e08-4474-a285-3208198ce6fd}.xpi
1482573784753	addons.xpi	DEBUG	checkForChanges
1482573784753	addons.xpi	DEBUG	Loaded add-on state from prefs: {}
1482573784754	addons.xpi	DEBUG	New add-on closeproxyauth.vaka@gmail.com in app-profile
1482573784754	addons.xpi	DEBUG	getModTime: Recursive scan of closeproxyauth.vaka@gmail.com
1482573784757	addons.xpi	DEBUG	New add-on aushelper@mozilla.org in app-system-defaults
1482573784757	addons.xpi	DEBUG	getModTime: Recursive scan of aushelper@mozilla.org
1482573784758	addons.xpi	DEBUG	New add-on e10srollout@mozilla.org in app-system-defaults
1482573784758	addons.xpi	DEBUG	getModTime: Recursive scan of e10srollout@mozilla.org
1482573784758	addons.xpi	DEBUG	New add-on firefox@getpocket.com in app-system-defaults
1482573784758	addons.xpi	DEBUG	getModTime: Recursive scan of firefox@getpocket.com
1482573784759	addons.xpi	DEBUG	New add-on webcompat@mozilla.org in app-system-defaults
1482573784759	addons.xpi	DEBUG	getModTime: Recursive scan of webcompat@mozilla.org
1482573784759	addons.xpi	DEBUG	New add-on {972ce4c6-7e08-4474-a285-3208198ce6fd} in app-global
1482573784759	addons.xpi	DEBUG	getModTime: Recursive scan of {972ce4c6-7e08-4474-a285-3208198ce6fd}
1482573784760	addons.xpi	DEBUG	getInstallState changed: true, state: {"app-profile":{"closeproxyauth.vaka@gmail.com":{"d":"C:\\Users\\LZ\\AppData\\Local\\Temp\\rust_mozprofile.erQrvFGFKBwJ\\extensions\\closeproxyauth.vaka@gmail.com","st":1482573784404,"mt":1482573784398}},"app-system-defaults":{"aushelper@mozilla.org":{"d":"D:\\Program Files (x86)\\Mozilla Firefox\\browser\\features\\aushelper@mozilla.org.xpi","st":1482388031063},"e10srollout@mozilla.org":{"d":"D:\\Program Files (x86)\\Mozilla Firefox\\browser\\features\\e10srollout@mozilla.org.xpi","st":1482388031059},"firefox@getpocket.com":{"d":"D:\\Program Files (x86)\\Mozilla Firefox\\browser\\features\\firefox@getpocket.com.xpi","st":1482388031045},"webcompat@mozilla.org":{"d":"D:\\Program Files (x86)\\Mozilla Firefox\\browser\\features\\webcompat@mozilla.org.xpi","st":1482388031014}},"app-global":{"{972ce4c6-7e08-4474-a285-3208198ce6fd}":{"d":"D:\\Program Files (x86)\\Mozilla Firefox\\browser\\extensions\\{972ce4c6-7e08-4474-a285-3208198ce6fd}.xpi","st":1482388031099}}}
1482573784766	addons.xpi-utils	DEBUG	Opening XPI database C:\Users\LZ\AppData\Local\Temp\rust_mozprofile.erQrvFGFKBwJ\extensions.json
1482573784767	addons.xpi-utils	DEBUG	New add-on closeproxyauth.vaka@gmail.com installed in app-profile
*** Blocklist::_loadBlocklistFromFile: blocklist is disabled
1482573784782	DeferredSave.extensions.json	DEBUG	Save changes
1482573784782	addons.xpi-utils	DEBUG	New add-on aushelper@mozilla.org installed in app-system-defaults
1482573784784	DeferredSave.extensions.json	DEBUG	Starting timer
1482573784785	DeferredSave.extensions.json	DEBUG	Save changes
1482573784786	addons.xpi-utils	DEBUG	New add-on e10srollout@mozilla.org installed in app-system-defaults
1482573784789	DeferredSave.extensions.json	DEBUG	Save changes
1482573784789	addons.xpi-utils	DEBUG	New add-on firefox@getpocket.com installed in app-system-defaults
1482573784793	DeferredSave.extensions.json	DEBUG	Save changes
1482573784794	addons.xpi-utils	DEBUG	New add-on webcompat@mozilla.org installed in app-system-defaults
1482573784796	DeferredSave.extensions.json	DEBUG	Save changes
1482573784796	addons.xpi-utils	DEBUG	New add-on {972ce4c6-7e08-4474-a285-3208198ce6fd} installed in app-global
1482573784799	DeferredSave.extensions.json	DEBUG	Save changes
1482573784800	addons.manager	DEBUG	Registering startup change 'installed' for closeproxyauth.vaka@gmail.com
1482573784800	addons.xpi-utils	DEBUG	Make addon app-profile:closeproxyauth.vaka@gmail.com visible
1482573784801	addons.xpi	DEBUG	Add-on closeproxyauth.vaka@gmail.com blocks e10s rollout.
1482573784801	DeferredSave.extensions.json	DEBUG	Save changes
1482573784802	addons.manager	DEBUG	Registering startup change 'installed' for aushelper@mozilla.org
1482573784806	addons.xpi	DEBUG	Loading bootstrap scope from D:\Program Files (x86)\Mozilla Firefox\browser\features\aushelper@mozilla.org.xpi
1482573784810	addons.xpi	DEBUG	Calling bootstrap method install on aushelper@mozilla.org version 1.0
1482573784811	addons.xpi-utils	DEBUG	Make addon app-system-defaults:aushelper@mozilla.org visible
1482573784811	addons.xpi	DEBUG	Add-on closeproxyauth.vaka@gmail.com blocks e10s rollout.
1482573784811	DeferredSave.extensions.json	DEBUG	Save changes
1482573784811	addons.manager	DEBUG	Registering startup change 'installed' for e10srollout@mozilla.org
1482573784812	addons.xpi	DEBUG	Loading bootstrap scope from D:\Program Files (x86)\Mozilla Firefox\browser\features\e10srollout@mozilla.org.xpi
1482573784819	addons.xpi	DEBUG	Calling bootstrap method install on e10srollout@mozilla.org version 1.5
1482573784819	addons.xpi	DEBUG	Add-on closeproxyauth.vaka@gmail.com blocks e10s rollout.
1482573784820	addons.xpi	DEBUG	Add-on closeproxyauth.vaka@gmail.com blocks e10s rollout.
1482573784820	addons.xpi-utils	DEBUG	Make addon app-system-defaults:e10srollout@mozilla.org visible
1482573784821	addons.xpi	DEBUG	Add-on closeproxyauth.vaka@gmail.com blocks e10s rollout.
1482573784821	DeferredSave.extensions.json	DEBUG	Save changes
1482573784821	addons.manager	DEBUG	Registering startup change 'installed' for firefox@getpocket.com
1482573784822	addons.xpi	DEBUG	Loading bootstrap scope from D:\Program Files (x86)\Mozilla Firefox\browser\features\firefox@getpocket.com.xpi
1482573784825	addons.xpi	DEBUG	Calling bootstrap method install on firefox@getpocket.com version 1.0.5
1482573784825	addons.xpi-utils	DEBUG	Make addon app-system-defaults:firefox@getpocket.com visible
1482573784825	addons.xpi	DEBUG	Add-on closeproxyauth.vaka@gmail.com blocks e10s rollout.
1482573784825	DeferredSave.extensions.json	DEBUG	Save changes
1482573784825	addons.manager	DEBUG	Registering startup change 'installed' for webcompat@mozilla.org
1482573784825	addons.xpi	DEBUG	Loading bootstrap scope from D:\Program Files (x86)\Mozilla Firefox\browser\features\webcompat@mozilla.org.xpi
1482573784827	addons.xpi	DEBUG	Calling bootstrap method install on webcompat@mozilla.org version 1.0
1482573784827	addons.xpi-utils	DEBUG	Make addon app-system-defaults:webcompat@mozilla.org visible
1482573784827	addons.xpi	DEBUG	Add-on closeproxyauth.vaka@gmail.com blocks e10s rollout.
1482573784827	DeferredSave.extensions.json	DEBUG	Save changes
1482573784827	addons.xpi-utils	DEBUG	Make addon app-global:{972ce4c6-7e08-4474-a285-3208198ce6fd} visible
1482573784827	addons.xpi	DEBUG	Add-on closeproxyauth.vaka@gmail.com blocks e10s rollout.
1482573784827	DeferredSave.extensions.json	DEBUG	Save changes
1482573784828	addons.xpi	DEBUG	Updating XPIState for {"id":"closeproxyauth.vaka@gmail.com","syncGUID":"{1b12bfd8-ed49-4e23-9ebd-2ee365596979}","location":"app-profile","version":"1.1.1-signed.1-let-fixed.1-signed","type":"extension","internalName":null,"updateURL":null,"updateKey":null,"optionsURL":"chrome://closeproxyauth/content/options.xul","optionsType":"2","aboutURL":null,"icons":{"32":"icon.png","48":"icon.png"},"iconURL":null,"icon64URL":null,"defaultLocale":{"name":"Close Proxy Authentication","description":"Close Proxy Authentication","creator":"Vasiliy Temnikov","homepageURL":null,"contributors":["Vasiliy Temnikov <closeproxyauth.vaka@gmail.com>"]},"visible":true,"active":true,"userDisabled":false,"appDisabled":false,"descriptor":"C:\\Users\\LZ\\AppData\\Local\\Temp\\rust_mozprofile.erQrvFGFKBwJ\\extensions\\closeproxyauth.vaka@gmail.com","installDate":1482573784404,"updateDate":1482573784404,"applyBackgroundUpdates":1,"bootstrap":false,"skinnable":false,"size":16310,"sourceURI":null,"releaseNotesURI":null,"softDisabled":false,"foreignInstall":true,"hasBinaryComponents":false,"strictCompatibility":false,"locales":[],"targetApplications":[{"id":"{ec8030f7-c20a-464f-9b0e-13a3a9e97384}","minVersion":"3.0","maxVersion":"23.0"},{"id":"{92650c4d-4b8e-4d2a-b7eb-24ecf4f6b63a}","minVersion":"2.0","maxVersion":"2.20"},{"id":"{3550f703-e582-4d05-9a08-453d09bdfdc6}","minVersion":"8.0","maxVersion":"23.0"}],"targetPlatforms":[],"multiprocessCompatible":false,"signedState":1,"seen":true}
1482573784828	addons.xpi	DEBUG	getModTime: Recursive scan of closeproxyauth.vaka@gmail.com
1482573784830	addons.xpi	DEBUG	Updating XPIState for {"id":"aushelper@mozilla.org","syncGUID":"{01d21d3d-9999-406c-a066-d9f1e6df18f5}","location":"app-system-defaults","version":"1.0","type":"extension","internalName":null,"updateURL":null,"updateKey":null,"optionsURL":null,"optionsType":null,"aboutURL":null,"icons":{},"iconURL":null,"icon64URL":null,"defaultLocale":{"name":"Application Update Service Helper","description":"Sets value(s) in the update url based on custom checks.","creator":null,"homepageURL":null},"visible":true,"active":true,"userDisabled":false,"appDisabled":false,"descriptor":"D:\\Program Files (x86)\\Mozilla Firefox\\browser\\features\\aushelper@mozilla.org.xpi","installDate":1482388031063,"updateDate":1482388031063,"applyBackgroundUpdates":1,"bootstrap":true,"skinnable":false,"size":5975,"sourceURI":null,"releaseNotesURI":null,"softDisabled":false,"foreignInstall":false,"hasBinaryComponents":false,"strictCompatibility":false,"locales":[],"targetApplications":[{"id":"{ec8030f7-c20a-464f-9b0e-13a3a9e97384}","minVersion":"50.1.0","maxVersion":"50.*"}],"targetPlatforms":[],"multiprocessCompatible":true,"seen":true}
1482573784830	addons.xpi	DEBUG	getModTime: Recursive scan of aushelper@mozilla.org
1482573784830	addons.xpi	DEBUG	Updating XPIState for {"id":"e10srollout@mozilla.org","syncGUID":"{ea86924d-604f-4fbc-a5bd-ec8d13578054}","location":"app-system-defaults","version":"1.5","type":"extension","internalName":null,"updateURL":null,"updateKey":null,"optionsURL":null,"optionsType":null,"aboutURL":null,"icons":{},"iconURL":null,"icon64URL":null,"defaultLocale":{"name":"Multi-process staged rollout","description":"Staged rollout of Firefox multi-process feature.","creator":null,"homepageURL":null},"visible":true,"active":true,"userDisabled":false,"appDisabled":false,"descriptor":"D:\\Program Files (x86)\\Mozilla Firefox\\browser\\features\\e10srollout@mozilla.org.xpi","installDate":1482388031059,"updateDate":1482388031059,"applyBackgroundUpdates":1,"bootstrap":true,"skinnable":false,"size":7210,"sourceURI":null,"releaseNotesURI":null,"softDisabled":false,"foreignInstall":false,"hasBinaryComponents":false,"strictCompatibility":false,"locales":[],"targetApplications":[{"id":"{ec8030f7-c20a-464f-9b0e-13a3a9e97384}","minVersion":"50.1.0","maxVersion":"50.*"}],"targetPlatforms":[],"multiprocessCompatible":false,"seen":true}
1482573784830	addons.xpi	DEBUG	getModTime: Recursive scan of e10srollout@mozilla.org
1482573784831	addons.xpi	DEBUG	Updating XPIState for {"id":"firefox@getpocket.com","syncGUID":"{21e46079-d15e-4ba9-aaf1-2c87ea0824df}","location":"app-system-defaults","version":"1.0.5","type":"extension","internalName":null,"updateURL":null,"updateKey":null,"optionsURL":null,"optionsType":null,"aboutURL":null,"icons":{},"iconURL":null,"icon64URL":null,"defaultLocale":{"name":"Pocket","description":"When you find something you want to view later, put it in Pocket.","creator":null,"homepageURL":null},"visible":true,"active":true,"userDisabled":false,"appDisabled":false,"descriptor":"D:\\Program Files (x86)\\Mozilla Firefox\\browser\\features\\firefox@getpocket.com.xpi","installDate":1482388031045,"updateDate":1482388031045,"applyBackgroundUpdates":1,"bootstrap":true,"skinnable":false,"size":917446,"sourceURI":null,"releaseNotesURI":null,"softDisabled":false,"foreignInstall":false,"hasBinaryComponents":false,"strictCompatibility":false,"locales":[],"targetApplications":[{"id":"{ec8030f7-c20a-464f-9b0e-13a3a9e97384}","minVersion":"50.1.0","maxVersion":"50.*"}],"targetPlatforms":[],"multiprocessCompatible":false,"seen":true}
1482573784831	addons.xpi	DEBUG	getModTime: Recursive scan of firefox@getpocket.com
1482573784831	addons.xpi	DEBUG	Updating XPIState for {"id":"webcompat@mozilla.org","syncGUID":"{161c5dfc-474f-4e1e-b0cb-9f9db92cf308}","location":"app-system-defaults","version":"1.0","type":"extension","internalName":null,"updateURL":null,"updateKey":null,"optionsURL":null,"optionsType":null,"aboutURL":null,"icons":{},"iconURL":null,"icon64URL":null,"defaultLocale":{"name":"Web Compat","description":"Urgent post-release fixes for web compatibility.","creator":null,"homepageURL":null},"visible":true,"active":true,"userDisabled":false,"appDisabled":false,"descriptor":"D:\\Program Files (x86)\\Mozilla Firefox\\browser\\features\\webcompat@mozilla.org.xpi","installDate":1482388031014,"updateDate":1482388031014,"applyBackgroundUpdates":1,"bootstrap":true,"skinnable":false,"size":1502,"sourceURI":null,"releaseNotesURI":null,"softDisabled":false,"foreignInstall":false,"hasBinaryComponents":false,"strictCompatibility":false,"locales":[],"targetApplications":[{"id":"{ec8030f7-c20a-464f-9b0e-13a3a9e97384}","minVersion":"50.1.0","maxVersion":"50.*"}],"targetPlatforms":[],"multiprocessCompatible":false,"seen":true}
1482573784832	addons.xpi	DEBUG	getModTime: Recursive scan of webcompat@mozilla.org
1482573784832	addons.xpi	DEBUG	Updating XPIState for {"id":"{972ce4c6-7e08-4474-a285-3208198ce6fd}","syncGUID":"{987f909e-f25d-4453-9e9d-879c154fa16a}","location":"app-global","version":"50.1.0","type":"theme","internalName":"classic/1.0","updateURL":null,"updateKey":null,"optionsURL":null,"optionsType":null,"aboutURL":null,"icons":{"32":"icon.png","48":"icon.png"},"iconURL":null,"icon64URL":null,"defaultLocale":{"name":"Default","description":"The default theme.","creator":"Mozilla","homepageURL":null,"contributors":["Mozilla Contributors"]},"visible":true,"active":true,"userDisabled":false,"appDisabled":false,"descriptor":"D:\\Program Files (x86)\\Mozilla Firefox\\browser\\extensions\\{972ce4c6-7e08-4474-a285-3208198ce6fd}.xpi","installDate":1482388031099,"updateDate":1482388031099,"applyBackgroundUpdates":1,"skinnable":true,"size":21152,"sourceURI":null,"releaseNotesURI":null,"softDisabled":false,"foreignInstall":false,"hasBinaryComponents":false,"strictCompatibility":true,"locales":[],"targetApplications":[{"id":"{ec8030f7-c20a-464f-9b0e-13a3a9e97384}","minVersion":"50.1.0","maxVersion":"50.1.0"}],"targetPlatforms":[],"seen":true}
1482573784832	addons.xpi	DEBUG	getModTime: Recursive scan of {972ce4c6-7e08-4474-a285-3208198ce6fd}
1482573784832	addons.xpi	DEBUG	Add-on closeproxyauth.vaka@gmail.com blocks e10s rollout.
1482573784833	DeferredSave.extensions.json	DEBUG	Save changes
1482573784833	addons.xpi	DEBUG	Updating database with changes to installed add-ons
1482573784833	addons.xpi-utils	DEBUG	Updating add-on states
1482573784833	addons.xpi-utils	DEBUG	Writing add-ons list
1482573784835	addons.xpi	DEBUG	Registering manifest for D:\Program Files (x86)\Mozilla Firefox\browser\features\aushelper@mozilla.org.xpi
1482573784835	addons.xpi	DEBUG	Calling bootstrap method startup on aushelper@mozilla.org version 1.0
1482573784836	addons.xpi	DEBUG	Registering manifest for D:\Program Files (x86)\Mozilla Firefox\browser\features\e10srollout@mozilla.org.xpi
1482573784837	addons.xpi	DEBUG	Calling bootstrap method startup on e10srollout@mozilla.org version 1.5
1482573784837	addons.xpi	DEBUG	Registering manifest for D:\Program Files (x86)\Mozilla Firefox\browser\features\firefox@getpocket.com.xpi
1482573784838	addons.xpi	DEBUG	Calling bootstrap method startup on firefox@getpocket.com version 1.0.5
1482573784839	addons.xpi	DEBUG	Registering manifest for D:\Program Files (x86)\Mozilla Firefox\browser\features\webcompat@mozilla.org.xpi
1482573784839	addons.xpi	DEBUG	Calling bootstrap method startup on webcompat@mozilla.org version 1.0
1482573784841	addons.manager	DEBUG	Registering shutdown blocker for XPIProvider
1482573784841	addons.manager	DEBUG	Provider finished startup: XPIProvider
1482573784841	addons.manager	DEBUG	Starting provider: LightweightThemeManager
1482573784841	addons.manager	DEBUG	Registering shutdown blocker for LightweightThemeManager
1482573784842	addons.manager	DEBUG	Provider finished startup: LightweightThemeManager
1482573784842	addons.manager	DEBUG	Starting provider: GMPProvider
1482573784849	addons.manager	DEBUG	Registering shutdown blocker for GMPProvider
1482573784849	addons.manager	DEBUG	Provider finished startup: GMPProvider
1482573784850	addons.manager	DEBUG	Starting provider: PluginProvider
1482573784850	addons.manager	DEBUG	Registering shutdown blocker for PluginProvider
1482573784850	addons.manager	DEBUG	Provider finished startup: PluginProvider
1482573784850	addons.manager	DEBUG	Completed startup sequence
1482573785241	Marionette	INFO	Listening on port 36575
1482573785957	addons.manager	DEBUG	Starting provider: <unnamed-provider>
1482573785957	addons.manager	DEBUG	Registering shutdown blocker for <unnamed-provider>
1482573785958	addons.manager	DEBUG	Provider finished startup: <unnamed-provider>
1482573786013	addons.manager	DEBUG	Starting provider: PreviousExperimentProvider
1482573786013	addons.manager	DEBUG	Registering shutdown blocker for PreviousExperimentProvider
1482573786013	addons.manager	DEBUG	Provider finished startup: PreviousExperimentProvider
1482573786015	DeferredSave.extensions.json	DEBUG	Starting write
1482573786239	DeferredSave.extensions.json	DEBUG	Write succeeded
1482573786239	addons.xpi-utils	DEBUG	XPI Database saved, setting schema version preference to 17
1482572885070	addons.productaddons	INFO	sending request to: https://aus5.mozilla.org/update/3/GMP/50.1.0/20161208153507/WINNT_x86-msvc-x64/zh-CN/release-cck-mozillaonline/Windows_NT%206.1.1.0%20(x64)/MozillaOnline/2015.5/update.xml
1482572888440	addons.productaddons	INFO	Completed downloading document
1482572965353	addons.productaddons	WARN	Failed downloading via XHR, status: 0, reason: error
1482572969745	addons.productaddons	INFO	downloadXHR File download1482573258291	addons.manager	INFO	Skipping background update check
1482573498303	addons.xpi	DEBUG	Add-on closeproxyauth.vaka@gmail.com blocks e10s rollout.
1482573498303	DeferredSave.extensions.json	DEBUG	Save changes
1482573498304	DeferredSave.extensions.json	DEBUG	Starting timer
14821482573517814	addons.xpi	DEBUG	Calling bootstrap method shutdown on aushelper@mozilla.org version 1.0
1482573517814	addons.xpi	DEBUG	Calling bootstrap method shutdown on e10srollout@mozilla.org version 1.5
1482573517815	addons.xpi	DEBUG	Calling bootstrap method shutdown on firefox@getpocket.com version 1.0.5
1482573517815	addons.xpi	DEBUG	Calling bootstrap method shutdown on webcompat@mozilla.org version 1.0
1482573517949	addons.manager	DEBUG	shutdown
1482573517950	addons.manager	DEBUG	Calling shutdown blocker for XPIProvider
1482573517950	addons.xpi	DEBUG	shutdown
1482573517950	addons.xpi-utils	DEBUG	shutdown
1482573517951	addons.manager	DEBUG	Calling shutdown blocker for LightweightThemeManager
1482573517951	addons.manager	DEBUG	Calling shutdown blocker for GMPProvider
1482573517953	addons.manager	DEBUG	Calling shutdown blocker for PluginProvider
1482573517953	addons.manager	DEBUG	Calling shutdown blocker for <unnamed-provider>
1482573517954	addons.manager	DEBUG	Calling shutdown blocker for PreviousExperimentProvider
1482573517957	addons.xpi	DEBUG	Notifying XPI shutdown observers
1482573517961	addons.manager	DEBUG	Async provider shutdown done
2573516425	addons.xpi	DEBUG	Notifying XPI shutdown observers
1482573516428	addons.manager	DEBUG	Async provider shutdown done
m/third-parties/webchat7moor/main_00d91c6.html, line 8: ReferenceError: loadQimoSDK is not defined
JavaScript error: https://www.lgstatic.com/third-parties/webchat7moor/main_00d91c6.html, line 8: ReferenceError: loadQimoSDK is not defined
JavaScript error: https://www.lgstatic.com/third-parties/webchat7moor/main_00d91c6.html, line 8: ReferenceError: loadQimoSDK is not defined
JavaScript error: https://www.lgstatic.com/third-parties/webchat7moor/main_00d91c6.html, line 8: ReferenceError: loadQimoSDK is not defined
JavaScript error: https://www.lgstatic.com/third-parties/webchat7moor/main_00d91c6.html, line 8: ReferenceError: loadQimoSDK is not defined
JavaScript error: https://www.lgstatic.com/third-parties/webchat7moor/main_00d91c6.html, line 8: ReferenceError: loadQimoSDK is not defined
1482573663107	addons.xpi	DEBUG	Add-on closeproxyauth.vaka@gmail.com blocks e10s rollout.
1482573663107	DeferredSave.extensions.json	DEBUG	Save changes
1482573663108	DeferredSave.extensions.json	DEBUG	Starting timer
1482573663129	DeferredSave.extensions.json	DEBUG	Starting write
1482573663133	DeferredSave.extensions.json	DEBUG	Write succeeded
1482573776080	addons.xpi	DEBUG	Calling bootstrap method shutdown on aushelper@mozilla.org version 1.0
1482573776081	addons.xpi	DEBUG	Calling bootstrap method shutdown on e10srollout@mozilla.org version 1.5
1482573776081	addons.xpi	DEBUG	Calling bootstrap method shutdown on firefox@getpocket.com version 1.0.5
1482573776081	addons.xpi	DEBUG	Calling bootstrap method shutdown on webcompat@mozilla.org version 1.0
1482573776368	addons.manager	DEBUG	shutdown
1482573776369	addons.manager	DEBUG	Calling shutdown blocker for XPIProvider
1482573776369	addons.xpi	DEBUG	shutdown
1482573776369	addons.xpi-utils	DEBUG	shutdown
1482573776370	addons.manager	DEBUG	Calling shutdown blocker for LightweightThemeManager
1482573776370	addons.manager	DEBUG	Calling shutdown blocker for GMPProvider
1482573776372	addons.manager	DEBUG	Calling shutdown blocker for PluginProvider
1482573776372	addons.manager	DEBUG	Calling shutdown blocker for <unnamed-provider>
1482573776374	addons.manager	DEBUG	Calling shutdown blocker for PreviousExperimentProvider
1482573776377	addons.xpi	DEBUG	Notifying XPI shutdown observers
1482573776380	addons.manager	DEBUG	Async provider shutdown done
observers
1482573514248	addons.manager	DEBUG	Async provider shutdown done
